===========================================================================
         ________    _________   _________     __     _________            
        |        |\ |        |\ |        |\   |  |\  /         \\          
        |    ____|| |    ____|| |    __  ||   |__|| |    ___    ||         
        |   |\___\| |   |\___\| |   |\_| ||    \_\| |   //  \   ||         
        |   ||      |   ||      |   || | ||    __   |  ||    |  ||         
        |   ||__    |   ||__    |   ||_| ||   |  |\ |  ||    |  ||         
        |       |\  |       |\  |         \\  |  || |  ||    |  ||         
        |    ___||  |    ___||  |    ___   || |  || |  ||    |  ||         
        |   |\__\|  |   |\__\|  |   |\__|  || |  || |  ||    |  ||         
        |   ||      |   ||      |   ||  |  || |  || |  ||    |  ||         
        |   ||      |   ||___   |   ||__|  || |  || |   \\__/   ||         
        |   ||      |        |\ |          || |  || |           ||         
        |___||      |________|| |__________|| |__||  \_________//          
                                                                           
      F I N I T E   E L E M E N T S   F O R   B I O M E C H A N I C S      
                                                                           
                 --- v e r s i o n - 2 . 9 . 1 ---                 
                                                                           
                                                                           
  http://febio.org                                                         
  FEBio is a registered trademark.                                         
  copyright (c) 2006-2019 - All rights reserved                            
                                                                           
===========================================================================




 FILES USED
===========================================================================
	Input file : box_P1.feb
	Plot file  : box_P1.xplt
	Log file   : box_P1.log


 MESH INFO
===========================================================================
	Number of materials ............................ : 2
	Number of domains .............................. : 1
	Number of nodes ................................ : 125
	Number of solid elements ....................... : 384


 CONTROL DATA
===========================================================================
	Module type .................................... : solid
	Analysis type .................................. : quasi-static
	Number of timesteps ............................ : 10
	Time step size ................................. : 0.1
	Auto time stepper activated .................... : yes
	  Optimal nr of iterations ..................... : 10
	  Minimum allowable step size .................. : 0.01
	  Maximum allowable step size .................. : 0.1
	Number of loadcurves ........................... : 1


 SOLVER PARAMETERS
===========================================================================
	symmetric_stiffness ............................... : true
	lstol ............................................. : 0.9
	lsmin ............................................. : 0.01
	lsiter ............................................ : 5
	max_refs .......................................... : 15
	max_ups ........................................... : 10
	qn_max_buffer_size ................................ : 0
	qn_cycle_buffer ................................... : true
	cmax .............................................. : 100000
	qnmethod .......................................... : 0
	check_zero_diagonal ............................... : true
	zero_diagonal_tol ................................. : 0
	equation_scheme ................................... : 0
	force_partition ................................... : 0
	reform_each_time_step ............................. : true
	diverge_reform .................................... : true
	do_reforms ........................................ : true
	dtol .............................................. : 0.001
	etol .............................................. : 0.01
	rtol .............................................. : 0
	min_residual ...................................... : 1e-020
	max_residual ...................................... : 0
	rhoi .............................................. : -2
	alpha ............................................. : 1
	beta .............................................. : 0.25
	gamma ............................................. : 0.5
	logSolve .......................................... : false


 OUTPUT DATA
===========================================================================
	plot level ................................ : major iterations
	plotfile format ........................... : FEBIO
		Nodal Variables:
			displacement         (type = vec3f, format = NODE)
		Domain Variables:
			stress               (type = mat3fs, format = ITEM)


 MATERIAL DATA
===========================================================================
  1 - Material1 (type: linear orthotropic)
	density ........................................... : 1070
	E1 ................................................ : 66000
	E2 ................................................ : 66000
	E3 ................................................ : 66000
	G12 ............................................... : 22147.7
	G23 ............................................... : 22147.7
	G31 ............................................... : 22147.7
	v12 ............................................... : 0.49
	v23 ............................................... : 0.49
	v31 ............................................... : 0.49
---------------------------------------------------------------------------
  2 - Material2 (type: isotropic elastic)
	density ........................................... : 1070
	E ................................................. : 66000
	v ................................................. : 0.49


 LINEAR SOLVER DATA
===========================================================================
	Solver type ............................... : Pardiso
	Matrix format ............................. : symmetric



===== beginning time step 1 : 0.1 =====
Reforming stiffness matrix: reformation #1

===== reforming stiffness matrix:
	Nr of equations ........................... : 250
	Nr of nonzeroes in stiffness matrix ....... : 3744

 1
 Nonlinear solution status: time= 0.1
	stiffness updates             = 0
	right hand side evaluations   = 2
	stiffness matrix reformations = 1
	step from line search         = 1.000000
	convergence norms :     INITIAL         CURRENT         REQUIRED
	   residual           1.358314e+006   6.930718e+002   0.000000e+000 
	   energy             2.207035e+001   9.601294e-002   2.207035e-001 
	   displacement       8.260816e-004   8.260816e-004   8.260816e-010 
 2
 Nonlinear solution status: time= 0.1
	stiffness updates             = 1
	right hand side evaluations   = 3
	stiffness matrix reformations = 1
	step from line search         = 1.000000
	convergence norms :     INITIAL         CURRENT         REQUIRED
	   residual           1.358314e+006   2.507610e+000   0.000000e+000 
	   energy             2.207035e+001   5.498491e-004   2.207035e-001 
	   displacement       8.260816e-004   2.862909e-007   8.122418e-010 
 3
 Nonlinear solution status: time= 0.1
	stiffness updates             = 2
	right hand side evaluations   = 4
	stiffness matrix reformations = 1
	step from line search         = 1.000000
	convergence norms :     INITIAL         CURRENT         REQUIRED
	   residual           1.358314e+006   1.685881e-002   0.000000e+000 
	   energy             2.207035e+001   1.602354e-006   2.207035e-001 
	   displacement       8.260816e-004   2.596059e-008   8.140717e-010 
 4
 Nonlinear solution status: time= 0.1
	stiffness updates             = 3
	right hand side evaluations   = 5
	stiffness matrix reformations = 1
	step from line search         = 1.000000
	convergence norms :     INITIAL         CURRENT         REQUIRED
	   residual           1.358314e+006   1.710416e-004   0.000000e+000 
	   energy             2.207035e+001   1.130573e-008   2.207035e-001 
	   displacement       8.260816e-004   5.504438e-011   8.140378e-010 

convergence summary
    number of iterations   : 4
    number of reformations : 1

------- converged at time : 0.1


===== beginning time step 2 : 0.2 =====
Reforming stiffness matrix: reformation #1

 1
 Nonlinear solution status: time= 0.2
	stiffness updates             = 0
	right hand side evaluations   = 2
	stiffness matrix reformations = 1
	step from line search         = 1.000000
	convergence norms :     INITIAL         CURRENT         REQUIRED
	   residual           1.310254e+006   6.173903e+002   0.000000e+000 
	   energy             2.144857e+001   8.948269e-002   2.144857e-001 
	   displacement       8.025766e-004   8.025766e-004   8.025766e-010 
 2
 Nonlinear solution status: time= 0.2
	stiffness updates             = 1
	right hand side evaluations   = 3
	stiffness matrix reformations = 1
	step from line search         = 1.000000
	convergence norms :     INITIAL         CURRENT         REQUIRED
	   residual           1.310254e+006   2.003243e+000   0.000000e+000 
	   energy             2.144857e+001   4.445597e-004   2.144857e-001 
	   displacement       8.025766e-004   2.448579e-007   7.905221e-010 
 3
 Nonlinear solution status: time= 0.2
	stiffness updates             = 2
	right hand side evaluations   = 4
	stiffness matrix reformations = 1
	step from line search         = 1.000000
	convergence norms :     INITIAL         CURRENT         REQUIRED
	   residual           1.310254e+006   1.212485e-002   0.000000e+000 
	   energy             2.144857e+001   1.301219e-006   2.144857e-001 
	   displacement       8.025766e-004   1.962891e-008   7.919812e-010 
 4
 Nonlinear solution status: time= 0.2
	stiffness updates             = 3
	right hand side evaluations   = 5
	stiffness matrix reformations = 1
	step from line search         = 1.000000
	convergence norms :     INITIAL         CURRENT         REQUIRED
	   residual           1.310254e+006   1.130096e-004   0.000000e+000 
	   energy             2.144857e+001   6.667573e-009   2.144857e-001 
	   displacement       8.025766e-004   4.080258e-011   7.919366e-010 

convergence summary
    number of iterations   : 4
    number of reformations : 1

------- converged at time : 0.2


===== beginning time step 3 : 0.3 =====
Reforming stiffness matrix: reformation #1

 1
 Nonlinear solution status: time= 0.3
	stiffness updates             = 0
	right hand side evaluations   = 2
	stiffness matrix reformations = 1
	step from line search         = 1.000000
	convergence norms :     INITIAL         CURRENT         REQUIRED
	   residual           1.266716e+006   5.555612e+002   0.000000e+000 
	   energy             2.083912e+001   8.339674e-002   2.083912e-001 
	   displacement       7.818280e-004   7.818280e-004   7.818280e-010 
 2
 Nonlinear solution status: time= 0.3
	stiffness updates             = 1
	right hand side evaluations   = 3
	stiffness matrix reformations = 1
	step from line search         = 1.000000
	convergence norms :     INITIAL         CURRENT         REQUIRED
	   residual           1.266716e+006   1.638298e+000   0.000000e+000 
	   energy             2.083912e+001   3.612054e-004   2.083912e-001 
	   displacement       7.818280e-004   2.112215e-007   7.713284e-010 
 3
 Nonlinear solution status: time= 0.3
	stiffness updates             = 2
	right hand side evaluations   = 4
	stiffness matrix reformations = 1
	step from line search         = 1.000000
	convergence norms :     INITIAL         CURRENT         REQUIRED
	   residual           1.266716e+006   8.546972e-003   0.000000e+000 
	   energy             2.083912e+001   1.124797e-006   2.083912e-001 
	   displacement       7.818280e-004   1.479584e-008   7.724991e-010 
 4
 Nonlinear solution status: time= 0.3
	stiffness updates             = 3
	right hand side evaluations   = 5
	stiffness matrix reformations = 1
	step from line search         = 1.000000
	convergence norms :     INITIAL         CURRENT         REQUIRED
	   residual           1.266716e+006   7.702515e-005   0.000000e+000 
	   energy             2.083912e+001   3.430648e-009   2.083912e-001 
	   displacement       7.818280e-004   3.115392e-011   7.724466e-010 

convergence summary
    number of iterations   : 4
    number of reformations : 1

------- converged at time : 0.3


===== beginning time step 4 : 0.4 =====
Reforming stiffness matrix: reformation #1

 1
 Nonlinear solution status: time= 0.4
	stiffness updates             = 0
	right hand side evaluations   = 2
	stiffness matrix reformations = 1
	step from line search         = 1.000000
	convergence norms :     INITIAL         CURRENT         REQUIRED
	   residual           1.227317e+006   5.050527e+002   0.000000e+000 
	   energy             2.024349e+001   7.771645e-002   2.024349e-001 
	   displacement       7.635413e-004   7.635413e-004   7.635413e-010 
 2
 Nonlinear solution status: time= 0.4
	stiffness updates             = 1
	right hand side evaluations   = 3
	stiffness matrix reformations = 1
	step from line search         = 1.000000
	convergence norms :     INITIAL         CURRENT         REQUIRED
	   residual           1.227317e+006   1.371012e+000   0.000000e+000 
	   energy             2.024349e+001   2.945216e-004   2.024349e-001 
	   displacement       7.635413e-004   1.840192e-007   7.543949e-010 
 3
 Nonlinear solution status: time= 0.4
	stiffness updates             = 2
	right hand side evaluations   = 4
	stiffness matrix reformations = 1
	step from line search         = 1.000000
	convergence norms :     INITIAL         CURRENT         REQUIRED
	   residual           1.227317e+006   6.054802e-003   0.000000e+000 
	   energy             2.024349e+001   1.009286e-006   2.024349e-001 
	   displacement       7.635413e-004   1.123852e-008   7.553458e-010 
 4
 Nonlinear solution status: time= 0.4
	stiffness updates             = 3
	right hand side evaluations   = 5
	stiffness matrix reformations = 1
	step from line search         = 1.000000
	convergence norms :     INITIAL         CURRENT         REQUIRED
	   residual           1.227317e+006   5.651807e-005   0.000000e+000 
	   energy             2.024349e+001   1.445768e-009   2.024349e-001 
	   displacement       7.635413e-004   2.479764e-011   7.552869e-010 

convergence summary
    number of iterations   : 4
    number of reformations : 1

------- converged at time : 0.4


===== beginning time step 5 : 0.5 =====
Reforming stiffness matrix: reformation #1

 1
 Nonlinear solution status: time= 0.5
	stiffness updates             = 0
	right hand side evaluations   = 2
	stiffness matrix reformations = 1
	step from line search         = 1.000000
	convergence norms :     INITIAL         CURRENT         REQUIRED
	   residual           1.191724e+006   4.638868e+002   0.000000e+000 
	   energy             1.966315e+001   7.241977e-002   1.966315e-001 
	   displacement       7.474601e-004   7.474601e-004   7.474601e-010 
 2
 Nonlinear solution status: time= 0.5
	stiffness updates             = 1
	right hand side evaluations   = 3
	stiffness matrix reformations = 1
	step from line search         = 1.000000
	convergence norms :     INITIAL         CURRENT         REQUIRED
	   residual           1.191724e+006   1.173485e+000   0.000000e+000 
	   energy             1.966315e+001   2.408086e-004   1.966315e-001 
	   displacement       7.474601e-004   1.621264e-007   7.394930e-010 
 3
 Nonlinear solution status: time= 0.5
	stiffness updates             = 2
	right hand side evaluations   = 4
	stiffness matrix reformations = 1
	step from line search         = 1.000000
	convergence norms :     INITIAL         CURRENT         REQUIRED
	   residual           1.191724e+006   4.407984e-003   0.000000e+000 
	   energy             1.966315e+001   9.229463e-007   1.966315e-001 
	   displacement       7.474601e-004   8.694180e-009   7.402804e-010 
 4
 Nonlinear solution status: time= 0.5
	stiffness updates             = 3
	right hand side evaluations   = 5
	stiffness matrix reformations = 1
	step from line search         = 1.000000
	convergence norms :     INITIAL         CURRENT         REQUIRED
	   residual           1.191724e+006   4.586484e-005   0.000000e+000 
	   energy             1.966315e+001   3.454559e-010   1.966315e-001 
	   displacement       7.474601e-004   2.076048e-011   7.402157e-010 

convergence summary
    number of iterations   : 4
    number of reformations : 1

------- converged at time : 0.5


===== beginning time step 6 : 0.6 =====
Reforming stiffness matrix: reformation #1

 1
 Nonlinear solution status: time= 0.6
	stiffness updates             = 0
	right hand side evaluations   = 2
	stiffness matrix reformations = 1
	step from line search         = 1.000000
	convergence norms :     INITIAL         CURRENT         REQUIRED
	   residual           1.159640e+006   4.305019e+002   0.000000e+000 
	   energy             1.909942e+001   6.749033e-002   1.909942e-001 
	   displacement       7.333570e-004   7.333570e-004   7.333570e-010 
 2
 Nonlinear solution status: time= 0.6
	stiffness updates             = 1
	right hand side evaluations   = 3
	stiffness matrix reformations = 1
	step from line search         = 1.000000
	convergence norms :     INITIAL         CURRENT         REQUIRED
	   residual           1.159640e+006   1.026170e+000   0.000000e+000 
	   energy             1.909942e+001   1.972885e-004   1.909942e-001 
	   displacement       7.333570e-004   1.445899e-007   7.264212e-010 
 3
 Nonlinear solution status: time= 0.6
	stiffness updates             = 2
	right hand side evaluations   = 4
	stiffness matrix reformations = 1
	step from line search         = 1.000000
	convergence norms :     INITIAL         CURRENT         REQUIRED
	   residual           1.159640e+006   3.362819e-003   0.000000e+000 
	   energy             1.909942e+001   8.513038e-007   1.909942e-001 
	   displacement       7.333570e-004   6.925434e-009   7.270911e-010 
 4
 Nonlinear solution status: time= 0.6
	stiffness updates             = 3
	right hand side evaluations   = 5
	stiffness matrix reformations = 1
	step from line search         = 1.000000
	convergence norms :     INITIAL         CURRENT         REQUIRED
	   residual           1.159640e+006   4.125709e-005   0.000000e+000 
	   energy             1.909942e+001   1.986270e-010   1.909942e-001 
	   displacement       7.333570e-004   1.836559e-011   7.270209e-010 

convergence summary
    number of iterations   : 4
    number of reformations : 1

------- converged at time : 0.6


===== beginning time step 7 : 0.7 =====
Reforming stiffness matrix: reformation #1

 1
 Nonlinear solution status: time= 0.7
	stiffness updates             = 0
	right hand side evaluations   = 2
	stiffness matrix reformations = 1
	step from line search         = 1.000000
	convergence norms :     INITIAL         CURRENT         REQUIRED
	   residual           1.130797e+006   4.036711e+002   0.000000e+000 
	   energy             1.855349e+001   6.291280e-002   1.855349e-001 
	   displacement       7.210345e-004   7.210345e-004   7.210345e-010 
 2
 Nonlinear solution status: time= 0.7
	stiffness updates             = 1
	right hand side evaluations   = 3
	stiffness matrix reformations = 1
	step from line search         = 1.000000
	convergence norms :     INITIAL         CURRENT         REQUIRED
	   residual           1.130797e+006   9.151532e-001   0.000000e+000 
	   energy             1.855349e+001   1.617955e-004   1.855349e-001 
	   displacement       7.210345e-004   1.306005e-007   7.150057e-010 
 3
 Nonlinear solution status: time= 0.7
	stiffness updates             = 2
	right hand side evaluations   = 4
	stiffness matrix reformations = 1
	step from line search         = 1.000000
	convergence norms :     INITIAL         CURRENT         REQUIRED
	   residual           1.130797e+006   2.727210e-003   0.000000e+000 
	   energy             1.855349e+001   7.887183e-007   1.855349e-001 
	   displacement       7.210345e-004   5.740383e-009   7.155959e-010 
 4
 Nonlinear solution status: time= 0.7
	stiffness updates             = 3
	right hand side evaluations   = 5
	stiffness matrix reformations = 1
	step from line search         = 1.000000
	convergence norms :     INITIAL         CURRENT         REQUIRED
	   residual           1.130797e+006   4.038279e-005   0.000000e+000 
	   energy             1.855349e+001   4.230089e-010   1.855349e-001 
	   displacement       7.210345e-004   1.717304e-011   7.155199e-010 

convergence summary
    number of iterations   : 4
    number of reformations : 1

------- converged at time : 0.7


===== beginning time step 8 : 0.8 =====
Reforming stiffness matrix: reformation #1

 1
 Nonlinear solution status: time= 0.8
	stiffness updates             = 0
	right hand side evaluations   = 2
	stiffness matrix reformations = 1
	step from line search         = 1.000000
	convergence norms :     INITIAL         CURRENT         REQUIRED
	   residual           1.104950e+006   3.824452e+002   0.000000e+000 
	   energy             1.802641e+001   5.867098e-002   1.802641e-001 
	   displacement       7.103252e-004   7.103252e-004   7.103252e-010 
 2
 Nonlinear solution status: time= 0.8
	stiffness updates             = 1
	right hand side evaluations   = 3
	stiffness matrix reformations = 1
	step from line search         = 1.000000
	convergence norms :     INITIAL         CURRENT         REQUIRED
	   residual           1.104950e+006   8.305527e-001   0.000000e+000 
	   energy             1.802641e+001   1.326129e-004   1.802641e-001 
	   displacement       7.103252e-004   1.194847e-007   7.051005e-010 
 3
 Nonlinear solution status: time= 0.8
	stiffness updates             = 2
	right hand side evaluations   = 4
	stiffness matrix reformations = 1
	step from line search         = 1.000000
	convergence norms :     INITIAL         CURRENT         REQUIRED
	   residual           1.104950e+006   2.368568e-003   0.000000e+000 
	   energy             1.802641e+001   7.338057e-007   1.802641e-001 
	   displacement       7.103252e-004   4.995941e-009   7.056426e-010 
 4
 Nonlinear solution status: time= 0.8
	stiffness updates             = 3
	right hand side evaluations   = 5
	stiffness matrix reformations = 1
	step from line search         = 1.000000
	convergence norms :     INITIAL         CURRENT         REQUIRED
	   residual           1.104950e+006   4.200692e-005   0.000000e+000 
	   energy             1.802641e+001   4.842061e-010   1.802641e-001 
	   displacement       7.103252e-004   1.692914e-011   7.055602e-010 

convergence summary
    number of iterations   : 4
    number of reformations : 1

------- converged at time : 0.8


===== beginning time step 9 : 0.9 =====
Reforming stiffness matrix: reformation #1

 1
 Nonlinear solution status: time= 0.9
	stiffness updates             = 0
	right hand side evaluations   = 2
	stiffness matrix reformations = 1
	step from line search         = 1.000000
	convergence norms :     INITIAL         CURRENT         REQUIRED
	   residual           1.081869e+006   3.661088e+002   0.000000e+000 
	   energy             1.751914e+001   5.474736e-002   1.751914e-001 
	   displacement       7.010912e-004   7.010912e-004   7.010912e-010 
 2
 Nonlinear solution status: time= 0.9
	stiffness updates             = 1
	right hand side evaluations   = 3
	stiffness matrix reformations = 1
	step from line search         = 1.000000
	convergence norms :     INITIAL         CURRENT         REQUIRED
	   residual           1.081869e+006   7.654108e-001   0.000000e+000 
	   energy             1.751914e+001   1.083704e-004   1.751914e-001 
	   displacement       7.010912e-004   1.106951e-007   6.965863e-010 
 3
 Nonlinear solution status: time= 0.9
	stiffness updates             = 2
	right hand side evaluations   = 4
	stiffness matrix reformations = 1
	step from line search         = 1.000000
	convergence norms :     INITIAL         CURRENT         REQUIRED
	   residual           1.081869e+006   2.204422e-003   0.000000e+000 
	   energy             1.751914e+001   6.872517e-007   1.751914e-001 
	   displacement       7.010912e-004   4.593115e-009   6.971081e-010 
 4
 Nonlinear solution status: time= 0.9
	stiffness updates             = 3
	right hand side evaluations   = 5
	stiffness matrix reformations = 1
	step from line search         = 1.000000
	convergence norms :     INITIAL         CURRENT         REQUIRED
	   residual           1.081869e+006   4.567987e-005   0.000000e+000 
	   energy             1.751914e+001   4.832367e-010   1.751914e-001 
	   displacement       7.010912e-004   1.753414e-011   6.970185e-010 

convergence summary
    number of iterations   : 4
    number of reformations : 1

------- converged at time : 0.9


===== beginning time step 10 : 1 =====
Reforming stiffness matrix: reformation #1

 1
 Nonlinear solution status: time= 1
	stiffness updates             = 0
	right hand side evaluations   = 2
	stiffness matrix reformations = 1
	step from line search         = 1.000000
	convergence norms :     INITIAL         CURRENT         REQUIRED
	   residual           1.061334e+006   3.541452e+002   0.000000e+000 
	   energy             1.703255e+001   5.112322e-002   1.703255e-001 
	   displacement       6.932230e-004   6.932230e-004   6.932230e-010 
 2
 Nonlinear solution status: time= 1
	stiffness updates             = 1
	right hand side evaluations   = 3
	stiffness matrix reformations = 1
	step from line search         = 1.000000
	convergence norms :     INITIAL         CURRENT         REQUIRED
	   residual           1.061334e+006   7.148825e-001   0.000000e+000 
	   energy             1.703255e+001   8.796420e-005   1.703255e-001 
	   displacement       6.932230e-004   1.037967e-007   6.893700e-010 
 3
 Nonlinear solution status: time= 1
	stiffness updates             = 2
	right hand side evaluations   = 4
	stiffness matrix reformations = 1
	step from line search         = 1.000000
	convergence norms :     INITIAL         CURRENT         REQUIRED
	   residual           1.061334e+006   2.190860e-003   0.000000e+000 
	   energy             1.703255e+001   6.509383e-007   1.703255e-001 
	   displacement       6.932230e-004   4.470346e-009   6.898973e-010 
 4
 Nonlinear solution status: time= 1
	stiffness updates             = 3
	right hand side evaluations   = 5
	stiffness matrix reformations = 1
	step from line search         = 1.000000
	convergence norms :     INITIAL         CURRENT         REQUIRED
	   residual           1.061334e+006   5.162160e-005   0.000000e+000 
	   energy             1.703255e+001   4.835718e-010   1.703255e-001 
	   displacement       6.932230e-004   1.903987e-011   6.897993e-010 

convergence summary
    number of iterations   : 4
    number of reformations : 1

------- converged at time : 1



N O N L I N E A R   I T E R A T I O N   I N F O R M A T I O N

	Number of time steps completed .................... : 10

	Total number of equilibrium iterations ............ : 40

	Average number of equilibrium iterations .......... : 4

	Total number of right hand evaluations ............ : 50

	Total number of stiffness reformations ............ : 10

	Time in linear solver: 0:00:00


 Elapsed time : 0:00:00

 T I M I N G   I N F O R M A T I O N

	Input time ...................... : 0:00:00 (0.003 sec)

	Initialization time ............. : 0:00:00 (0.002 sec)

	Solve time ...................... : 0:00:00 (0.157 sec)

	   IO-time (plot, dmp, data) .... : 0:00:00 (0.004 sec)

	   reforming stiffness .......... : 0:00:00 (0 sec)

	   evaluating stiffness ......... : 0:00:00 (0.007 sec)

	   evaluating residual .......... : 0:00:00 (0.004 sec)

	   model update ................. : 0:00:00 (0.012 sec)

	   QN updates ................... : 0:00:00 (0 sec)

	   time in linear solver ........ : 0:00:00 (0.124 sec)

	Total elapsed time .............. : 0:00:00 (0.162 sec)


 N O R M A L   T E R M I N A T I O N

